/usr/local/Cellar/quast/4.2/quast.py /Users/cmdb/qbb2016-answers/week2/spades2/contigs.fasta /Users/cmdb/qbb2016-answers/week2/velvet2/Assem/contigs.fa /Users/cmdb/qbb2016-answers/week2/Assem/contigs.fa /Users/cmdb/qbb2016-answers/week2/spades/contigs.fasta

Version: 4.2, build 21.07.2016 14:03

System information:
  OS: Darwin-15.6.0-x86_64-i386-64bit (macosx)
  Python version: 2.7.12
  CPUs number: 4

Started: 2016-09-22 09:01:51

Logging to /Users/cmdb/qbb2016-answers/week2/quast_results/results_2016_09_22_09_01_50/quast.log
NOTICE: Maximum number of threads is set to 1 (use --threads option to set it manually)

Main parameters: 
  Threads: 1, minimum contig length: 500, ambiguity: one, threshold for extensive misassembly size: 1000

Contigs:
  1  /Users/cmdb/qbb2016-answers/week2/spades2/contigs.fasta ==> spades2_contigs
  2  /Users/cmdb/qbb2016-answers/week2/velvet2/Assem/contigs.fa ==> Assem_contigs
  3  /Users/cmdb/qbb2016-answers/week2/Assem/contigs.fa ==> Assem_contigs 1
  4  /Users/cmdb/qbb2016-answers/week2/spades/contigs.fasta ==> spades_contigs

2016-09-22 09:01:54
Running Basic statistics processor...
  Contig files: 
    1  spades2_contigs
    2  Assem_contigs
    3  Assem_contigs 1
    4  spades_contigs
  Calculating N50 and L50...
    1  spades2_contigs, N50 = 100000, L50 = 1, Total length = 100000, GC % = 52.59, # N's per 100 kbp =  0.00
    2  Assem_contigs, N50 = 19911, L50 = 2, Total length = 99584, GC % = 52.58, # N's per 100 kbp =  0.00
    3  Assem_contigs 1, N50 = 632, L50 = 5, Total length = 7243, GC % = 50.71, # N's per 100 kbp =  0.00
    4  spades_contigs, N50 = 718, L50 = 8, Total length = 15922, GC % = 51.21, # N's per 100 kbp =  0.00
  Drawing Nx plot...
    saved to /Users/cmdb/qbb2016-answers/week2/quast_results/results_2016_09_22_09_01_50/basic_stats/Nx_plot.pdf
  Drawing cumulative plot...
    saved to /Users/cmdb/qbb2016-answers/week2/quast_results/results_2016_09_22_09_01_50/basic_stats/cumulative_plot.pdf
  Drawing GC content plot...
    saved to /Users/cmdb/qbb2016-answers/week2/quast_results/results_2016_09_22_09_01_50/basic_stats/GC_content_plot.pdf
  Drawing Coverage histogram (bin size: 1x)...
    saved to /Users/cmdb/qbb2016-answers/week2/quast_results/results_2016_09_22_09_01_50/basic_stats/coverage_histogram.pdf
  Drawing spades2_contigs coverage histogram (bin size: 1x)...
    saved to /Users/cmdb/qbb2016-answers/week2/quast_results/results_2016_09_22_09_01_50/basic_stats/spades2_contigs_coverage_histogram.pdf
  Drawing Assem_contigs coverage histogram (bin size: 12x)...
    saved to /Users/cmdb/qbb2016-answers/week2/quast_results/results_2016_09_22_09_01_50/basic_stats/Assem_contigs_coverage_histogram.pdf
  Drawing Assem_contigs 1 coverage histogram (bin size: 1x)...
    saved to /Users/cmdb/qbb2016-answers/week2/quast_results/results_2016_09_22_09_01_50/basic_stats/Assem_contigs 1_coverage_histogram.pdf
  Drawing spades_contigs coverage histogram (bin size: 1x)...
    saved to /Users/cmdb/qbb2016-answers/week2/quast_results/results_2016_09_22_09_01_50/basic_stats/spades_contigs_coverage_histogram.pdf
Done.

NOTICE: Genes are not predicted by default. Use --gene-finding option to enable it.

2016-09-22 09:01:58
Creating large visual summaries...
This may take a while: press Ctrl-C to skip this step..
  1 of 2: Creating Icarus viewers...
  2 of 2: Creating PDF with all tables and plots...
Done

2016-09-22 09:02:00
RESULTS:
  Text versions of total report are saved to /Users/cmdb/qbb2016-answers/week2/quast_results/results_2016_09_22_09_01_50/report.txt, report.tsv, and report.tex
  Text versions of transposed total report are saved to /Users/cmdb/qbb2016-answers/week2/quast_results/results_2016_09_22_09_01_50/transposed_report.txt, transposed_report.tsv, and transposed_report.tex
  HTML version (interactive tables and plots) saved to /Users/cmdb/qbb2016-answers/week2/quast_results/results_2016_09_22_09_01_50/report.html
  PDF version (tables and plots) is saved to /Users/cmdb/qbb2016-answers/week2/quast_results/results_2016_09_22_09_01_50/report.pdf
  Icarus (contig browser) is saved to /Users/cmdb/qbb2016-answers/week2/quast_results/results_2016_09_22_09_01_50/icarus.html
  Log saved to /Users/cmdb/qbb2016-answers/week2/quast_results/results_2016_09_22_09_01_50/quast.log

Finished: 2016-09-22 09:02:00
Elapsed time: 0:00:09.091692
NOTICEs: 2; WARNINGs: 0; non-fatal ERRORs: 0

Thank you for using QUAST!
